#
# A fatal error has been detected by the Java Runtime Environment:
#
# java.lang.OutOfMemoryError: requested 79936 bytes for Chunk::new. Out of swap space?
#
#  Internal Error (allocation.cpp:215), pid=4836, tid=4812
#  Error: Chunk::new
#
# JRE version: 6.0_17-b04
# Java VM: Java HotSpot(TM) 64-Bit Server VM (14.3-b01 mixed mode windows-amd64 )
# If you would like to submit a bug report, please visit:
#   http://java.sun.com/webapps/bugreport/crash.jsp
#

---------------  T H R E A D  ---------------

Current thread (0x000000000f016000):  JavaThread "CompilerThread1" daemon [_thread_in_native, id=4812, stack(0x000000006c4f0000,0x00000000704f0000)]

Stack: [0x000000006c4f0000,0x00000000704f0000]

Current CompileTask:
C2:2205      java.lang.Class.privateGetPublicMethods()[Ljava/lang/reflect/Method; (266 bytes)


---------------  P R O C E S S  ---------------

Java Threads: ( => current thread )
  0x00000000622a2000 JavaThread "Timer-138" daemon [_thread_blocked, id=624, stack(0x000000000b8c0000,0x000000000b940000)]
  0x00000000622a1000 JavaThread "Main message loop" daemon [_thread_in_native, id=4664, stack(0x000000000b4c0000,0x000000000b540000)]
  0x00000000622a2800 JavaThread "com.jniwrapper.NativeResourceCollector" daemon [_thread_blocked, id=1876, stack(0x000000000b440000,0x000000000b4c0000)]
  0x0000000062297000 JavaThread "Code Analyzer updating thread" [_thread_blocked, id=3836, stack(0x000000000b2c0000,0x000000000b340000)]
  0x0000000062296800 JavaThread "Code Analyzer updating thread" [_thread_blocked, id=4024, stack(0x000000000a5d0000,0x000000000a650000)]
  0x000000006229b800 JavaThread "Foxtrot Single Worker Thread #1" daemon [_thread_blocked, id=2804, stack(0x000000000a380000,0x000000000a400000)]
  0x000000006229c000 JavaThread "Code Analyzer updating thread" [_thread_blocked, id=4424, stack(0x000000000a280000,0x000000000a300000)]
  0x0000000061a21800 JavaThread "Prefs Updater" daemon [_thread_blocked, id=5112, stack(0x0000000028220000,0x00000000282a0000)]
  0x0000000061a2c000 JavaThread "MultiThreadedHttpConnectionManager cleanup" daemon [_thread_blocked, id=4436, stack(0x00000000280a0000,0x0000000028120000)]
  0x000000006229a800 JavaThread "Code Analyzer updating thread" [_thread_blocked, id=3316, stack(0x00000000724a0000,0x0000000072520000)]
  0x000000006229a000 JavaThread "Code Analyzer updating thread" [_thread_blocked, id=4960, stack(0x0000000072420000,0x00000000724a0000)]
  0x0000000062295800 JavaThread "Active Reference Queue Daemon" daemon [_thread_blocked, id=5044, stack(0x0000000072110000,0x0000000072190000)]
  0x0000000062295000 JavaThread "Timer-4" daemon [_thread_blocked, id=2512, stack(0x0000000072090000,0x0000000072110000)]
  0x0000000062294000 JavaThread "Timer-3" daemon [_thread_blocked, id=5012, stack(0x0000000072010000,0x0000000072090000)]
  0x0000000061a2d800 JavaThread "Explorer NavigationContext request queue" [_thread_blocked, id=3828, stack(0x0000000071f40000,0x0000000071fc0000)]
  0x0000000061a2b800 JavaThread "AddressBar directory emptiness poller" [_thread_blocked, id=148, stack(0x00000000719f0000,0x0000000071a70000)]
  0x0000000061a2b000 JavaThread "Explorer Refresh Service 1451762389" [_thread_blocked, id=4832, stack(0x00000000709d0000,0x0000000070a50000)]
  0x0000000061a29800 JavaThread "Timer-1" daemon [_thread_blocked, id=3684, stack(0x0000000064370000,0x00000000643f0000)]
  0x0000000061a27000 JavaThread "TimerQueue" daemon [_thread_blocked, id=2244, stack(0x000000000fe40000,0x000000000fec0000)]
  0x0000000061a24800 JavaThread "Thread-5" daemon [_thread_blocked, id=2584, stack(0x000000000fc30000,0x000000000fcb0000)]
  0x0000000061a22000 JavaThread "AWT-EventQueue-0" [_thread_blocked, id=3992, stack(0x000000000fb60000,0x000000000fbe0000)]
  0x0000000061a23800 JavaThread "AWT-Shutdown" [_thread_blocked, id=4512, stack(0x000000000fa60000,0x000000000fae0000)]
  0x0000000061a26800 JavaThread "FelixPackageAdmin" daemon [_thread_blocked, id=4148, stack(0x000000000fdb0000,0x000000000fe30000)]
  0x0000000061a25800 JavaThread "FelixStartLevel" daemon [_thread_blocked, id=3672, stack(0x000000000fd30000,0x000000000fdb0000)]
  0x0000000061a25000 JavaThread "FelixDispatchQueue" daemon [_thread_blocked, id=4300, stack(0x000000000fcb0000,0x000000000fd30000)]
  0x0000000061a23000 JavaThread "com.google.common.base.internal.Finalizer" daemon [_thread_blocked, id=4076, stack(0x000000000fae0000,0x000000000fb60000)]
  0x0000000061a1f000 JavaThread "Timer-0" [_thread_blocked, id=2196, stack(0x000000000f9c0000,0x000000000fa40000)]
  0x0000000061a37800 JavaThread "AWT-Windows" daemon [_thread_in_native, id=4840, stack(0x000000000f930000,0x000000000f9b0000)]
  0x00000000618df800 JavaThread "Java2D Disposer" daemon [_thread_blocked, id=2904, stack(0x000000000f830000,0x000000000f8b0000)]
  0x000000005c6a1800 JavaThread "EventMgr Dispatcher" daemon [_thread_in_native, id=1168, stack(0x0000000010e50000,0x0000000014e50000)]
  0x000000000f01b000 JavaThread "Low Memory Detector" daemon [_thread_blocked, id=2892, stack(0x000000000f5c0000,0x000000000f640000)]
=>0x000000000f016000 JavaThread "CompilerThread1" daemon [_thread_in_native, id=4812, stack(0x000000006c4f0000,0x00000000704f0000)]
  0x000000000f012000 JavaThread "CompilerThread0" daemon [_thread_blocked, id=4792, stack(0x00000000684f0000,0x000000006c4f0000)]
  0x000000000f011000 JavaThread "Attach Listener" daemon [_thread_blocked, id=4632, stack(0x000000000f540000,0x000000000f5c0000)]
  0x000000000efe3000 JavaThread "Finalizer" daemon [_thread_blocked, id=3176, stack(0x000000000f0c0000,0x000000000f140000)]
  0x000000000efde800 JavaThread "Reference Handler" daemon [_thread_blocked, id=4480, stack(0x000000000f040000,0x000000000f0c0000)]
  0x00000000079d5000 JavaThread "main" [_thread_in_native, id=2688, stack(0x0000000000140000,0x0000000004140000)]

Other Threads:
  0x000000000efd7800 VMThread [stack: 0x00000000644f0000,0x00000000684f0000] [id=2920]
  0x000000000f025800 WatcherThread [stack: 0x000000007fff0000,0x0000000083ff0000] [id=4508]

VM state:not at safepoint (normal execution)

VM Mutex/Monitor currently owned by a thread: None

Heap
 PSYoungGen      total 16384K, used 4263K [0x000000003d150000, 0x000000003e870000, 0x0000000040250000)
  eden space 15488K, 21% used [0x000000003d150000,0x000000003d499d38,0x000000003e070000)
  from space 896K, 100% used [0x000000003e0a0000,0x000000003e180000,0x000000003e180000)
  to   space 4096K, 0% used [0x000000003e470000,0x000000003e470000,0x000000003e870000)
 PSOldGen        total 90816K, used 83120K [0x0000000033e50000, 0x0000000039700000, 0x000000003d150000)
  object space 90816K, 91% used [0x0000000033e50000,0x0000000038f7c3d0,0x0000000039700000)
 PSPermGen       total 129024K, used 84753K [0x000000002be50000, 0x0000000033c50000, 0x0000000033e50000)
  object space 129024K, 65% used [0x000000002be50000,0x00000000311144a0,0x0000000033c50000)

Dynamic libraries:
0x0000000140000000 - 0x000000014002d000 	C:\Program Files\MATLAB\R2012b\bin\win64\MATLAB.exe
0x0000000077ec0000 - 0x0000000077ffc000 	C:\WINDOWS\system32\ntdll.dll
0x0000000077d40000 - 0x0000000077eb3000 	C:\WINDOWS\system32\kernel32.dll
0x0000000064460000 - 0x00000000644e7000 	C:\WINDOWS\System32\SYSFER.DLL
0x0000000074460000 - 0x000000007451f000 	C:\Program Files\MATLAB\R2012b\bin\win64\libut.dll
0x00000000758a0000 - 0x000000007595c000 	C:\Program Files\MATLAB\R2012b\bin\win64\libmwi18n.dll
0x0000000180000000 - 0x000000018000b000 	C:\Program Files\MATLAB\R2012b\bin\win64\libmwresource_core.dll
0x0000000078520000 - 0x00000000785f3000 	C:\WINDOWS\WinSxS\amd64_Microsoft.VC90.CRT_1fc8b3b9a1e18e3b_9.0.30729.6161_x-ww_63AF3423\MSVCP90.dll
0x0000000078620000 - 0x00000000786c3000 	C:\WINDOWS\WinSxS\amd64_Microsoft.VC90.CRT_1fc8b3b9a1e18e3b_9.0.30729.6161_x-ww_63AF3423\MSVCR90.dll
0x000000007a170000 - 0x000000007a19c000 	C:\Program Files\MATLAB\R2012b\bin\win64\boost_filesystem-vc90-mt-1_44.dll
0x000000007a560000 - 0x000000007a569000 	C:\Program Files\MATLAB\R2012b\bin\win64\boost_system-vc90-mt-1_44.dll
0x000007ff7fee0000 - 0x000007ff7ffe6000 	C:\WINDOWS\system32\ADVAPI32.dll
0x000007ff7fd30000 - 0x000007ff7fed0000 	C:\WINDOWS\system32\RPCRT4.dll
0x000007ff7e9c0000 - 0x000007ff7e9e2000 	C:\WINDOWS\system32\Secur32.dll
0x000000007a010000 - 0x000000007a035000 	C:\Program Files\MATLAB\R2012b\bin\win64\LIBEXPAT.dll
0x00000000739d0000 - 0x0000000073bc1000 	C:\Program Files\MATLAB\R2012b\bin\win64\icuin44.dll
0x00000000740b0000 - 0x0000000074221000 	C:\Program Files\MATLAB\R2012b\bin\win64\icuuc44.dll
0x0000000010000000 - 0x0000000010e41000 	C:\Program Files\MATLAB\R2012b\bin\win64\icudt44.dll
0x00000000043e0000 - 0x000000000458d000 	C:\Program Files\MATLAB\R2012b\bin\win64\libmwfl.dll
0x00000000045a0000 - 0x0000000004956000 	C:\Program Files\MATLAB\R2012b\bin\win64\libmwMATLAB_res.dll
0x000000007a3b0000 - 0x000000007a3c0000 	C:\Program Files\MATLAB\R2012b\bin\win64\boost_date_time-vc90-mt-1_44.dll
0x000000007a250000 - 0x000000007a263000 	C:\Program Files\MATLAB\R2012b\bin\win64\boost_signals-vc90-mt-1_44.dll
0x000000007a2d0000 - 0x000000007a2e2000 	C:\Program Files\MATLAB\R2012b\bin\win64\boost_thread-vc90-mt-1_44.dll
0x00000000049a0000 - 0x0000000004a5d000 	C:\Program Files\MATLAB\R2012b\bin\win64\boost_log-vc90-mt-1_44.dll
0x000007ff7e380000 - 0x000007ff7e390000 	C:\WINDOWS\system32\PSAPI.DLL
0x000007ff77310000 - 0x000007ff77340000 	C:\WINDOWS\system32\WS2_32.dll
0x000007ff7fc00000 - 0x000007ff7fc86000 	C:\WINDOWS\system32\msvcrt.dll
0x000007ff77140000 - 0x000007ff7714c000 	C:\WINDOWS\system32\WS2HELP.dll
0x0000000004a70000 - 0x0000000004ab6000 	C:\Program Files\MATLAB\R2012b\bin\win64\tbb.dll
0x000007ff7e470000 - 0x000007ff7e483000 	C:\WINDOWS\system32\imagehlp.dll
0x000000007a3d0000 - 0x000000007a3e3000 	C:\Program Files\MATLAB\R2012b\bin\win64\icuio44.dll
0x000007ff724e0000 - 0x000007ff7261e000 	C:\WINDOWS\system32\dbghelp.dll
0x000007ff7fbf0000 - 0x000007ff7fbfb000 	C:\WINDOWS\system32\VERSION.dll
0x0000000077c20000 - 0x0000000077d2c000 	C:\WINDOWS\system32\USER32.dll
0x000007ff7fc90000 - 0x000007ff7fd2c000 	C:\WINDOWS\system32\GDI32.dll
0x0000000004ae0000 - 0x0000000004dbc000 	C:\Program Files\MATLAB\R2012b\bin\win64\libmwservices.dll
0x0000000075a20000 - 0x0000000075af3000 	C:\Program Files\MATLAB\R2012b\bin\win64\libmx.dll
0x0000000004de0000 - 0x0000000004e09000 	C:\Program Files\MATLAB\R2012b\bin\win64\tbbmalloc.dll
0x000000007a210000 - 0x000000007a228000 	C:\Program Files\MATLAB\R2012b\bin\win64\zlib1.dll
0x0000000004e30000 - 0x0000000004e7d000 	C:\Program Files\MATLAB\R2012b\bin\win64\libmwregexp.dll
0x0000000004e90000 - 0x0000000004eb3000 	C:\Program Files\MATLAB\R2012b\bin\win64\libmwmfl_scalar.dll
0x0000000075f10000 - 0x0000000075f60000 	C:\Program Files\MATLAB\R2012b\bin\win64\mpath.dll
0x000000007b680000 - 0x000000007bc9a000 	C:\Program Files\MATLAB\R2012b\bin\win64\mlutil.dll
0x00000000754d0000 - 0x0000000075551000 	C:\Program Files\MATLAB\R2012b\bin\win64\xmlcore.dll
0x0000000004f00000 - 0x0000000005153000 	C:\Program Files\MATLAB\R2012b\bin\win64\xerces-c_2_7.dll
0x0000000005170000 - 0x0000000005190000 	C:\Program Files\MATLAB\R2012b\bin\win64\libmwMATLAB_settings_res.dll
0x00000000051a0000 - 0x00000000051b0000 	C:\Program Files\MATLAB\R2012b\bin\win64\boost_iostreams-vc90-mt-1_44.dll
0x00000000051c0000 - 0x0000000005207000 	C:\Program Files\MATLAB\R2012b\bin\win64\boost_serialization-vc90-mt-1_44.dll
0x000007ff7f190000 - 0x000007ff7fb9c000 	C:\WINDOWS\system32\SHELL32.dll
0x000007ff7ef60000 - 0x000007ff7effb000 	C:\WINDOWS\system32\SHLWAPI.dll
0x000007ff76200000 - 0x000007ff762ef000 	C:\WINDOWS\WinSxS\amd64_Microsoft.Windows.Common-Controls_6595b64144ccf1df_5.82.3790.4770_x-ww_D89390E2\COMCTL32.dll
0x000007ff7d540000 - 0x000007ff7d5b7000 	C:\WINDOWS\system32\COMDLG32.dll
0x000007ff77370000 - 0x000007ff77409000 	C:\WINDOWS\system32\NETAPI32.dll
0x000007ff57140000 - 0x000007ff573c5000 	C:\WINDOWS\system32\ole32.dll
0x000007ff7ebc0000 - 0x000007ff7ecd6000 	C:\WINDOWS\system32\OLEAUT32.dll
0x0000000074970000 - 0x0000000074a31000 	C:\Program Files\MATLAB\R2012b\bin\win64\mcr.dll
0x0000000075000000 - 0x00000000753e9000 	C:\Program Files\MATLAB\R2012b\bin\win64\iqm.dll
0x0000000074e80000 - 0x0000000074f38000 	C:\Program Files\MATLAB\R2012b\bin\win64\m_dispatcher.dll
0x0000000074880000 - 0x000000007496d000 	C:\Program Files\MATLAB\R2012b\bin\win64\boost_regex-vc90-mt-1_44.dll
0x0000000005260000 - 0x0000000005ad1000 	C:\Program Files\MATLAB\R2012b\bin\win64\m_interpreter.dll
0x0000000005af0000 - 0x0000000005b17000 	C:\Program Files\MATLAB\R2012b\bin\win64\libmex.dll
0x0000000075430000 - 0x00000000754b4000 	C:\Program Files\MATLAB\R2012b\bin\win64\profiler.dll
0x0000000005b40000 - 0x0000000005daa000 	C:\Program Files\MATLAB\R2012b\bin\win64\libmwmathutil.dll
0x0000000079f40000 - 0x0000000079f6e000 	C:\Program Files\MATLAB\R2012b\bin\win64\libmwmathrng.dll
0x0000000005dd0000 - 0x0000000005de2000 	C:\Program Files\MATLAB\R2012b\bin\win64\libmwmfl_rng.dll
0x0000000074c10000 - 0x0000000074cee000 	C:\Program Files\MATLAB\R2012b\bin\win64\libmwmathcore.dll
0x0000000076160000 - 0x00000000761ca000 	C:\Program Files\MATLAB\R2012b\bin\win64\libmwspmatrix.dll
0x0000000075ea0000 - 0x0000000075f02000 	C:\Program Files\MATLAB\R2012b\bin\win64\libmwcholmod.dll
0x000000007a460000 - 0x000000007a46d000 	C:\Program Files\MATLAB\R2012b\bin\win64\libmwamd.dll
0x000000007a4b0000 - 0x000000007a4bc000 	C:\Program Files\MATLAB\R2012b\bin\win64\libmwcolamd.dll
0x000000007a290000 - 0x000000007a2a9000 	C:\Program Files\MATLAB\R2012b\bin\win64\libmwblas.dll
0x000000007a310000 - 0x000000007a321000 	C:\Program Files\MATLAB\R2012b\bin\win64\libmwbinder.dll
0x000000007a4d0000 - 0x000000007a4dc000 	C:\Program Files\MATLAB\R2012b\bin\win64\libmwompwrapper.dll
0x0000000005e80000 - 0x0000000005f05000 	C:\Program Files\MATLAB\R2012b\bin\win64\libmwlapack.dll
0x000000007a1b0000 - 0x000000007a1d1000 	C:\Program Files\MATLAB\R2012b\bin\win64\m_pcodeio.dll
0x0000000079b10000 - 0x0000000079b77000 	C:\Program Files\MATLAB\R2012b\bin\win64\m_ir.dll
0x0000000078ed0000 - 0x0000000079540000 	C:\Program Files\MATLAB\R2012b\bin\win64\m_parser.dll
0x000000007a2f0000 - 0x000000007a30a000 	C:\Program Files\MATLAB\R2012b\bin\win64\ir_xfmr.dll
0x0000000005f60000 - 0x00000000061f6000 	C:\Program Files\MATLAB\R2012b\bin\win64\mcos.dll
0x0000000006210000 - 0x0000000006221000 	C:\Program Files\MATLAB\R2012b\bin\win64\mtok.dll
0x000000007a130000 - 0x000000007a161000 	C:\Program Files\MATLAB\R2012b\bin\win64\m_pcodegen.dll
0x0000000079fb0000 - 0x0000000079fe6000 	C:\Program Files\MATLAB\R2012b\bin\win64\libmwbridge.dll
0x0000000006260000 - 0x0000000006328000 	C:\Program Files\MATLAB\R2012b\bin\win64\udd.dll
0x0000000073cc0000 - 0x0000000073e12000 	C:\Program Files\MATLAB\R2012b\bin\win64\libmwgui.dll
0x0000000006350000 - 0x0000000006367000 	C:\Program Files\MATLAB\R2012b\bin\win64\graphics_util.dll
0x0000000006380000 - 0x0000000006ddf000 	C:\Program Files\MATLAB\R2012b\bin\win64\hg.dll
0x0000000006df0000 - 0x0000000006e58000 	C:\Program Files\MATLAB\R2012b\bin\win64\libmat.dll
0x0000000072d30000 - 0x0000000072f44000 	C:\Program Files\MATLAB\R2012b\bin\win64\hdf5dll.dll
0x0000000075710000 - 0x00000000757de000 	C:\Program Files\MATLAB\R2012b\bin\win64\jmi.dll
0x0000000006e90000 - 0x0000000006e9d000 	C:\Program Files\MATLAB\R2012b\bin\win64\nativejava_services.dll
0x0000000006eb0000 - 0x0000000006ef6000 	C:\Program Files\MATLAB\R2012b\bin\win64\libmwhardcopy.dll
0x0000000075c70000 - 0x0000000075cd3000 	C:\Program Files\MATLAB\R2012b\bin\win64\libuij.dll
0x0000000072f50000 - 0x00000000731b4000 	C:\Program Files\MATLAB\R2012b\bin\win64\hgdatatypes.dll
0x0000000006f30000 - 0x000000000704f000 	C:\Program Files\MATLAB\R2012b\bin\win64\hgutils.dll
0x0000000007060000 - 0x0000000007120000 	C:\Program Files\MATLAB\R2012b\bin\win64\udd_mi.dll
0x0000000007130000 - 0x000000000716b000 	C:\Program Files\MATLAB\R2012b\bin\win64\libmwgbtutils.dll
0x0000000007180000 - 0x000000000719b000 	C:\Program Files\MATLAB\R2012b\bin\win64\libmwgbt.dll
0x00000000071b0000 - 0x0000000007481000 	C:\Program Files\MATLAB\R2012b\bin\win64\uiw.dll
0x000000007a550000 - 0x000000007a55f000 	C:\Program Files\MATLAB\R2012b\bin\win64\uinone.dll
0x00000000074b0000 - 0x00000000074d9000 	C:\Program Files\MATLAB\R2012b\bin\win64\libmwnativefiledialogs.dll
0x00000000074f0000 - 0x00000000074f8000 	C:\Program Files\MATLAB\R2012b\bin\win64\libmwplatform_res.dll
0x000007ff772d0000 - 0x000007ff772f1000 	C:\WINDOWS\system32\MPR.dll
0x00000000786d0000 - 0x0000000078bb4000 	C:\WINDOWS\WinSxS\amd64_Microsoft.VC90.MFC_1fc8b3b9a1e18e3b_9.0.30729.6161_x-ww_3495A728\mfc90.dll
0x000007ff7d310000 - 0x000007ff7d316000 	C:\WINDOWS\system32\MSIMG32.dll
0x000007ff78f10000 - 0x000007ff78f51000 	C:\WINDOWS\system32\WINSPOOL.DRV
0x0000000007510000 - 0x0000000007532000 	C:\Program Files\MATLAB\R2012b\bin\win64\mwoles05.DLL
0x0000000007550000 - 0x00000000075cd000 	C:\Program Files\MATLAB\R2012b\bin\win64\comcli.dll
0x0000000079590000 - 0x00000000795bf000 	C:\WINDOWS\WinSxS\amd64_Microsoft.VC90.ATL_1fc8b3b9a1e18e3b_9.0.30729.6161_x-ww_C44F2197\ATL90.DLL
0x000000007a450000 - 0x000000007a45c000 	C:\Program Files\MATLAB\R2012b\bin\win64\mlautoregister.dll
0x000007ff7d500000 - 0x000007ff7d539000 	C:\WINDOWS\system32\IMM32.DLL
0x000007ff69300000 - 0x000007ff6930d000 	C:\WINDOWS\system32\LPK.DLL
0x000007ff78e80000 - 0x000007ff78f0e000 	C:\WINDOWS\system32\USP10.dll
0x000007ff7f000000 - 0x000007ff7f187000 	C:\WINDOWS\WinSxS\amd64_Microsoft.Windows.Common-Controls_6595b64144ccf1df_6.0.3790.4770_x-ww_3807D667\comctl32.dll
0x000007ff77230000 - 0x000007ff772af000 	C:\WINDOWS\system32\UxTheme.dll
0x000000005d360000 - 0x000000005d36d000 	C:\WINDOWS\WinSxS\amd64_Microsoft.VC90.MFCLOC_1fc8b3b9a1e18e3b_9.0.30729.6161_x-ww_A5161AE8\MFC90ENU.DLL
0x0000000009c80000 - 0x0000000009c8f000 	C:\Program Files\MATLAB\R2012b\bin\win64\xmlxrcsc.dll
0x000007ff7a410000 - 0x000007ff7a4af000 	C:\WINDOWS\system32\MSCTF.dll
0x000007ff7ce50000 - 0x000007ff7ce91000 	C:\WINDOWS\system32\apphelp.dll
0x000007ff58af0000 - 0x000007ff58b4c000 	C:\WINDOWS\system32\msctfime.ime
0x000000000e540000 - 0x000000000eb9d000 	C:\Program Files\MATLAB\R2012b\sys\java\jre\win64\jre\bin\server\jvm.dll
0x000007ff7e240000 - 0x000007ff7e290000 	C:\WINDOWS\system32\WINMM.dll
0x000007ff771b0000 - 0x000007ff7722d000 	C:\WINDOWS\System32\mswsock.dll
0x000007ff7e8f0000 - 0x000007ff7e93f000 	C:\WINDOWS\system32\DNSAPI.dll
0x000007ff7e9f0000 - 0x000007ff7e9fb000 	C:\WINDOWS\System32\winrnr.dll
0x000007ff7e950000 - 0x000007ff7e9b6000 	C:\WINDOWS\system32\WLDAP32.dll
0x000007ff57040000 - 0x000007ff57071000 	C:\WINDOWS\system32\iphlpapi.dll
0x000007ff799e0000 - 0x000007ff799e4000 	C:\WINDOWS\system32\icmp.Dll
0x000000007a440000 - 0x000000007a44e000 	C:\Program Files\MATLAB\R2012b\sys\java\jre\win64\jre\bin\verify.dll

VM Arguments:
jvm_args: -Xss512k -XX:PermSize=32m -Xms64m -XX:NewRatio=3 -XX:MaxPermSize=128m -Xmx196m -XX:MaxDirectMemorySize=2147400000 -Dsun.java2d.noddraw=true -Dsun.awt.nopixfmt=true -Xshare:off -Xrs -Dsun.awt.disableMixing=true -Djava.library.path=C:\Program Files\MATLAB\R2012b\bin\win64;C:\Program Files\MATLAB\R2012b\sys\jxbrowser\win64\lib vfprintf abort 
java_command: <unknown>
Launcher Type: generic

Environment Variables:
CLASSPATH=.;C:\Program Files (x86)\Java\jre6\lib\ext\QTJava.zip
PATH=C:\Program Files (x86)\MiKTeX 2.9\miktex\bin;C:\WINDOWS\system32;C:\WINDOWS;C:\WINDOWS\System32\Wbem;C:\Program Files (x86)\Common Files\Roxio Shared\DLLShared\;C:\Program Files (x86)\Common Files\Roxio Shared\9.0\DLLShared\;C:\WINDOWS\system32\WindowsPowerShell\v1.0;C:\Program Files (x86)\QuickTime\QTSystem\;c:\Program Files (x86)\Microsoft SQL Server\90\Tools\binn\; C:\Python27;C:\Program Files\MATLAB\R2012b\runtime\win64;C:\Program Files\MATLAB\R2012b\bin;C:\Program Files (x86)\SSH Communications Security\SSH Secure Shell;C:\Python27
USERNAME=Administrator
OS=Windows_NT
PROCESSOR_IDENTIFIER=EM64T Family 6 Model 23 Stepping 10, GenuineIntel



---------------  S Y S T E M  ---------------

OS: Windows Server 2003 family Build 3790 Service Pack 2

CPU:total 8 (4 cores per cpu, 1 threads per core) family 6 model 23 stepping 10, cmov, cx8, fxsr, mmx, sse, sse2, sse3, ssse3, sse4.1

Memory: 4k page, physical 33551724k(7515924k free), swap 36794524k(5124k free)

vm_info: Java HotSpot(TM) 64-Bit Server VM (14.3-b01) for windows-amd64 JRE (1.6.0_17-b04), built on Oct 11 2009 00:46:08 by "java_re" with MS VC++ 8.0

time: Wed Jun 26 22:34:35 2013
elapsed time: 172503 seconds

